<?xml version="1.0" encoding="UTF-8"?><testsuite failures="1" name="cucumber.runtime.formatter.JUnitFormatter" skipped="0" tests="1" time="1.025008">
<testcase classname="Automation Demo Site Registration page." name="Demo Site User registration" time="1.025008">
<failure message="java.lang.IllegalStateException: The path to the driver executable must be set by the webdriver.gecko.driver system property; for more information, see https://github.com/mozilla/geckodriver. The latest version can be downloaded from https://github.com/mozilla/geckodriver/releases&#13;&#10;&#9;at com.google.common.base.Preconditions.checkState(Preconditions.java:754)&#13;&#10;&#9;at org.openqa.selenium.remote.service.DriverService.findExecutable(DriverService.java:124)&#13;&#10;&#9;at org.openqa.selenium.firefox.GeckoDriverService.access$100(GeckoDriverService.java:41)&#13;&#10;&#9;at org.openqa.selenium.firefox.GeckoDriverService$Builder.findDefaultExecutable(GeckoDriverService.java:141)&#13;&#10;&#9;at org.openqa.selenium.remote.service.DriverService$Builder.build(DriverService.java:339)&#13;&#10;&#9;at org.openqa.selenium.firefox.FirefoxDriver.toExecutor(FirefoxDriver.java:158)&#13;&#10;&#9;at org.openqa.selenium.firefox.FirefoxDriver.&lt;init&gt;(FirefoxDriver.java:120)&#13;&#10;&#9;at org.openqa.selenium.firefox.FirefoxDriver.&lt;init&gt;(FirefoxDriver.java:98)&#13;&#10;&#9;at stepDefFile.DemoReg.user_wants_to_configure_the_browser(DemoReg.java:32)&#13;&#10;&#9;at ✽.Given User wants to configure the browser(C:/Users/CHERRY/workspace/CucumberWithJava/src/test/java/Feature/demoSite.feature:24)&#13;&#10;"><![CDATA[Given User wants to configure the browser...................................failed
And User provide the specified URL..........................................skipped
And Verify User on Registration Page........................................skipped
When User Enter all the required inforation.................................skipped
Then User clicking the Submitt button.......................................skipped

StackTrace:
java.lang.IllegalStateException: The path to the driver executable must be set by the webdriver.gecko.driver system property; for more information, see https://github.com/mozilla/geckodriver. The latest version can be downloaded from https://github.com/mozilla/geckodriver/releases
	at com.google.common.base.Preconditions.checkState(Preconditions.java:754)
	at org.openqa.selenium.remote.service.DriverService.findExecutable(DriverService.java:124)
	at org.openqa.selenium.firefox.GeckoDriverService.access$100(GeckoDriverService.java:41)
	at org.openqa.selenium.firefox.GeckoDriverService$Builder.findDefaultExecutable(GeckoDriverService.java:141)
	at org.openqa.selenium.remote.service.DriverService$Builder.build(DriverService.java:339)
	at org.openqa.selenium.firefox.FirefoxDriver.toExecutor(FirefoxDriver.java:158)
	at org.openqa.selenium.firefox.FirefoxDriver.<init>(FirefoxDriver.java:120)
	at org.openqa.selenium.firefox.FirefoxDriver.<init>(FirefoxDriver.java:98)
	at stepDefFile.DemoReg.user_wants_to_configure_the_browser(DemoReg.java:32)
	at ✽.Given User wants to configure the browser(C:/Users/CHERRY/workspace/CucumberWithJava/src/test/java/Feature/demoSite.feature:24)
]]></failure>
</testcase>
</testsuite>
